Build started 1/6/2013 11:54:25 PM.
Project "C:\Documents and Settings\Administrator\Desktop\slot_machine\Slot Machine.vcxproj" on node 2 (build target(s)).
InitializeBuildStatus:
  Creating "Debug\Slot Machine.unsuccessfulbuild" because "AlwaysCreate" was specified.
ClCompile:
  C:\Program Files (x86)\Microsoft Visual Studio 10.0\VC\bin\CL.exe /c /Zi /nologo /W3 /WX- /Od /Oy- /D WIN32 /D _DEBUG /D _CONSOLE /Gm /EHsc /RTC1 /MDd /GS /fp:precise /Zc:wchar_t /Zc:forScope /Fo"Debug\\" /Fd"Debug\vc100.pdb" /Gd /TP /analyze- /errorReport:prompt SlotMachine.cpp
  SlotMachine.cpp
ManifestResourceCompile:
  All outputs are up-to-date.
Link:
  C:\Program Files (x86)\Microsoft Visual Studio 10.0\VC\bin\link.exe /ERRORREPORT:PROMPT /OUT:"C:\Documents and Settings\Administrator\Desktop\slot_machine\Debug\Slot Machine.exe" /INCREMENTAL /NOLOGO kernel32.lib user32.lib gdi32.lib winspool.lib comdlg32.lib advapi32.lib shell32.lib ole32.lib oleaut32.lib uuid.lib odbc32.lib odbccp32.lib /MANIFEST /ManifestFile:"Debug\Slot Machine.exe.intermediate.manifest" /MANIFESTUAC:"level='asInvoker' uiAccess='false'" /DEBUG /PDB:"C:\Documents and Settings\Administrator\Desktop\slot_machine\Debug\Slot Machine.pdb" /SUBSYSTEM:CONSOLE /TLBID:1 /DYNAMICBASE /NXCOMPAT /IMPLIB:"C:\Documents and Settings\Administrator\Desktop\slot_machine\Debug\Slot Machine.lib" /MACHINE:X86 "Debug\Slot Machine.exe.embed.manifest.res"
  Debug\SlotMachine.obj
Manifest:
  C:\Program Files (x86)\Microsoft SDKs\Windows\v7.0A\bin\mt.exe /nologo /verbose /out:"Debug\Slot Machine.exe.embed.manifest" /manifest "Debug\Slot Machine.exe.intermediate.manifest"
  All outputs are up-to-date.
LinkEmbedManifest:
  All outputs are up-to-date.
  Slot Machine.vcxproj -> C:\Documents and Settings\Administrator\Desktop\slot_machine\Debug\Slot Machine.exe
FinalizeBuildStatus:
  Deleting file "Debug\Slot Machine.unsuccessfulbuild".
  Touching "Debug\Slot Machine.lastbuildstate".
Done Building Project "C:\Documents and Settings\Administrator\Desktop\slot_machine\Slot Machine.vcxproj" (build target(s)).

Build succeeded.

Time Elapsed 00:00:02.54
