Build started 1/7/2013 9:03:50 PM.
Project "C:\Documents and Settings\Administrator\Desktop\slot_machine\Slot Machine.vcxproj" on node 2 (build target(s)).
InitializeBuildStatus:
  Touching "Release\Slot Machine.unsuccessfulbuild".
ClCompile:
  C:\Program Files (x86)\Microsoft Visual Studio 10.0\VC\bin\CL.exe /c /Zi /nologo /W3 /WX- /O2 /Oy- /D WIN32 /D NDEBUG /D _CONSOLE /Gm- /EHsc /MD /GS /fp:precise /Zc:wchar_t /Zc:forScope /Fo"Release\\" /Fd"Release\vc100.pdb" /Gd /TP /analyze- /errorReport:prompt SlotMachine.cpp
  SlotMachine.cpp
ManifestResourceCompile:
  C:\Program Files (x86)\Microsoft SDKs\Windows\v7.0A\bin\rc.exe /nologo /fo"Release\Slot Machine.exe.embed.manifest.res" "Release\Slot Machine_manifest.rc" 
Link:
  C:\Program Files (x86)\Microsoft Visual Studio 10.0\VC\bin\link.exe /ERRORREPORT:PROMPT /OUT:"C:\Documents and Settings\Administrator\Desktop\slot_machine\Release\Slot Machine.exe" /INCREMENTAL /NOLOGO kernel32.lib user32.lib gdi32.lib winspool.lib comdlg32.lib advapi32.lib shell32.lib ole32.lib oleaut32.lib uuid.lib odbc32.lib odbccp32.lib /MANIFEST /ManifestFile:"Release\Slot Machine.exe.intermediate.manifest" /MANIFESTUAC:"level='asInvoker' uiAccess='false'" /DEBUG /PDB:"C:\Documents and Settings\Administrator\Desktop\slot_machine\Release\Slot Machine.pdb" /SUBSYSTEM:CONSOLE /OPT:REF /OPT:ICF /TLBID:1 /DYNAMICBASE /NXCOMPAT /IMPLIB:"C:\Documents and Settings\Administrator\Desktop\slot_machine\Release\Slot Machine.lib" /MACHINE:X86 "Release\Slot Machine.exe.embed.manifest.res"
  Release\SlotMachine.obj
LINK : warning LNK4075: ignoring '/INCREMENTAL' due to '/OPT:ICF' specification
Manifest:
  C:\Program Files (x86)\Microsoft SDKs\Windows\v7.0A\bin\mt.exe /nologo /verbose /out:"Release\Slot Machine.exe.embed.manifest" /manifest "Release\Slot Machine.exe.intermediate.manifest"
  C:\Program Files (x86)\Microsoft SDKs\Windows\v7.0A\bin\rc.exe /nologo /fo"Release\Slot Machine.exe.embed.manifest.res" "Release\Slot Machine_manifest.rc" 
LinkEmbedManifest:
  C:\Program Files (x86)\Microsoft Visual Studio 10.0\VC\bin\link.exe /ERRORREPORT:PROMPT /OUT:"C:\Documents and Settings\Administrator\Desktop\slot_machine\Release\Slot Machine.exe" /INCREMENTAL /NOLOGO kernel32.lib user32.lib gdi32.lib winspool.lib comdlg32.lib advapi32.lib shell32.lib ole32.lib oleaut32.lib uuid.lib odbc32.lib odbccp32.lib /MANIFEST /ManifestFile:"Release\Slot Machine.exe.intermediate.manifest" /MANIFESTUAC:"level='asInvoker' uiAccess='false'" /DEBUG /PDB:"C:\Documents and Settings\Administrator\Desktop\slot_machine\Release\Slot Machine.pdb" /SUBSYSTEM:CONSOLE /OPT:REF /OPT:ICF /TLBID:1 /DYNAMICBASE /NXCOMPAT /IMPLIB:"C:\Documents and Settings\Administrator\Desktop\slot_machine\Release\Slot Machine.lib" /MACHINE:X86 "Release\Slot Machine.exe.embed.manifest.res"
  Release\SlotMachine.obj
LINK : warning LNK4075: ignoring '/INCREMENTAL' due to '/OPT:ICF' specification
  Slot Machine.vcxproj -> C:\Documents and Settings\Administrator\Desktop\slot_machine\Release\Slot Machine.exe
FinalizeBuildStatus:
  Deleting file "Release\Slot Machine.unsuccessfulbuild".
  Touching "Release\Slot Machine.lastbuildstate".
Done Building Project "C:\Documents and Settings\Administrator\Desktop\slot_machine\Slot Machine.vcxproj" (build target(s)).

Build succeeded.

Time Elapsed 00:00:03.39
